{"D:\\SCRIPTS-local\\mongo-transaction-demo\\controllers\\transaction.controllers.js": {"path":"D:\\SCRIPTS-local\\mongo-transaction-demo\\controllers\\transaction.controllers.js","statementMap":{"0":{"start":{"line":1,"column":17},"end":{"line":1,"column":36}},"1":{"start":{"line":4,"column":20},"end":{"line":4,"column":59}},"2":{"start":{"line":5,"column":23},"end":{"line":5,"column":65}},"3":{"start":{"line":8,"column":23},"end":{"line":8,"column":69}},"4":{"start":{"line":9,"column":21},"end":{"line":9,"column":65}},"5":{"start":{"line":12,"column":21},"end":{"line":12,"column":62}},"6":{"start":{"line":13,"column":23},"end":{"line":13,"column":68}},"7":{"start":{"line":15,"column":21},"end":{"line":15,"column":35}},"8":{"start":{"line":18,"column":27},"end":{"line":66,"column":1}},"9":{"start":{"line":20,"column":26},"end":{"line":26,"column":5}},"10":{"start":{"line":34,"column":17},"end":{"line":34,"column":78}},"11":{"start":{"line":40,"column":38},"end":{"line":45,"column":5}},"12":{"start":{"line":42,"column":24},"end":{"line":42,"column":75}},"13":{"start":{"line":43,"column":31},"end":{"line":43,"column":81}},"14":{"start":{"line":44,"column":8},"end":{"line":44,"column":30}},"15":{"start":{"line":46,"column":20},"end":{"line":46,"column":70}},"16":{"start":{"line":50,"column":21},"end":{"line":50,"column":73}},"17":{"start":{"line":54,"column":4},"end":{"line":54,"column":66}},"18":{"start":{"line":62,"column":20},"end":{"line":62,"column":83}},"19":{"start":{"line":65,"column":4},"end":{"line":65,"column":43}},"20":{"start":{"line":68,"column":0},"end":{"line":70,"column":1}}},"fnMap":{"0":{"name":"(anonymous_0)","decl":{"start":{"line":18,"column":27},"end":{"line":18,"column":28}},"loc":{"start":{"line":18,"column":81},"end":{"line":66,"column":1}},"line":18},"1":{"name":"(anonymous_1)","decl":{"start":{"line":40,"column":38},"end":{"line":40,"column":39}},"loc":{"start":{"line":40,"column":67},"end":{"line":45,"column":5}},"line":40}},"branchMap":{"0":{"loc":{"start":{"line":18,"column":62},"end":{"line":18,"column":76}},"type":"default-arg","locations":[{"start":{"line":18,"column":72},"end":{"line":18,"column":76}}],"line":18}},"s":{"0":2,"1":2,"2":2,"3":2,"4":2,"5":2,"6":2,"7":2,"8":2,"9":3,"10":3,"11":2,"12":2,"13":2,"14":2,"15":2,"16":2,"17":2,"18":2,"19":2,"20":2},"f":{"0":3,"1":2},"b":{"0":[0]},"_coverageSchema":"1a1c01bbd47fc00a2c39e90264f33305004495a9","hash":"5e217139562383d1c719c92a2eb865d6f8d58134"}
,"D:\\SCRIPTS-local\\mongo-transaction-demo\\models\\Invoice.js": {"path":"D:\\SCRIPTS-local\\mongo-transaction-demo\\models\\Invoice.js","statementMap":{"0":{"start":{"line":1,"column":17},"end":{"line":1,"column":36}},"1":{"start":{"line":3,"column":0},"end":{"line":14,"column":2}},"2":{"start":{"line":16,"column":16},"end":{"line":16,"column":55}},"3":{"start":{"line":19,"column":0},"end":{"line":19,"column":25}}},"fnMap":{},"branchMap":{},"s":{"0":1,"1":1,"2":1,"3":1},"f":{},"b":{},"_coverageSchema":"1a1c01bbd47fc00a2c39e90264f33305004495a9","hash":"f17b57e172e86d860a48b6a4bc678cd9106ded6a"}
,"D:\\SCRIPTS-local\\mongo-transaction-demo\\models\\Order.js": {"path":"D:\\SCRIPTS-local\\mongo-transaction-demo\\models\\Order.js","statementMap":{"0":{"start":{"line":1,"column":17},"end":{"line":1,"column":36}},"1":{"start":{"line":3,"column":0},"end":{"line":11,"column":2}},"2":{"start":{"line":12,"column":14},"end":{"line":12,"column":49}},"3":{"start":{"line":14,"column":0},"end":{"line":14,"column":23}}},"fnMap":{},"branchMap":{},"s":{"0":1,"1":1,"2":1,"3":1},"f":{},"b":{},"_coverageSchema":"1a1c01bbd47fc00a2c39e90264f33305004495a9","hash":"fb3f8e27969833def2200b6d5c005ce5b55397a1"}
,"D:\\SCRIPTS-local\\mongo-transaction-demo\\models\\Product.js": {"path":"D:\\SCRIPTS-local\\mongo-transaction-demo\\models\\Product.js","statementMap":{"0":{"start":{"line":1,"column":17},"end":{"line":1,"column":36}},"1":{"start":{"line":2,"column":22},"end":{"line":6,"column":2}},"2":{"start":{"line":8,"column":16},"end":{"line":8,"column":55}},"3":{"start":{"line":10,"column":0},"end":{"line":10,"column":25}}},"fnMap":{},"branchMap":{},"s":{"0":2,"1":2,"2":2,"3":2},"f":{},"b":{},"_coverageSchema":"1a1c01bbd47fc00a2c39e90264f33305004495a9","hash":"6e760bf5225257056c107e10df9c4f95528b75c8"}
,"D:\\SCRIPTS-local\\mongo-transaction-demo\\models\\User.js": {"path":"D:\\SCRIPTS-local\\mongo-transaction-demo\\models\\User.js","statementMap":{"0":{"start":{"line":1,"column":17},"end":{"line":1,"column":36}},"1":{"start":{"line":3,"column":19},"end":{"line":7,"column":4}},"2":{"start":{"line":9,"column":15},"end":{"line":9,"column":48}},"3":{"start":{"line":11,"column":2},"end":{"line":11,"column":24}}},"fnMap":{},"branchMap":{},"s":{"0":1,"1":1,"2":1,"3":1},"f":{},"b":{},"_coverageSchema":"1a1c01bbd47fc00a2c39e90264f33305004495a9","hash":"df5236b94d34ee05a5671db3c778a6b572312b07"}
,"D:\\SCRIPTS-local\\mongo-transaction-demo\\service\\invoice\\invoice.service.js": {"path":"D:\\SCRIPTS-local\\mongo-transaction-demo\\service\\invoice\\invoice.service.js","statementMap":{"0":{"start":{"line":1,"column":16},"end":{"line":1,"column":47}},"1":{"start":{"line":3,"column":28},"end":{"line":46,"column":1}},"2":{"start":{"line":4,"column":4},"end":{"line":45,"column":5}},"3":{"start":{"line":7,"column":24},"end":{"line":7,"column":49}},"4":{"start":{"line":9,"column":22},"end":{"line":13,"column":16}},"5":{"start":{"line":19,"column":8},"end":{"line":39,"column":9}},"6":{"start":{"line":21,"column":12},"end":{"line":29,"column":13}},"7":{"start":{"line":35,"column":12},"end":{"line":35,"column":49}},"8":{"start":{"line":36,"column":12},"end":{"line":36,"column":54}},"9":{"start":{"line":38,"column":12},"end":{"line":38,"column":40}},"10":{"start":{"line":40,"column":8},"end":{"line":40,"column":77}},"11":{"start":{"line":44,"column":8},"end":{"line":44,"column":53}},"12":{"start":{"line":49,"column":0},"end":{"line":51,"column":1}}},"fnMap":{"0":{"name":"(anonymous_0)","decl":{"start":{"line":3,"column":28},"end":{"line":3,"column":29}},"loc":{"start":{"line":3,"column":61},"end":{"line":46,"column":1}},"line":3}},"branchMap":{"0":{"loc":{"start":{"line":7,"column":24},"end":{"line":7,"column":49}},"type":"cond-expr","locations":[{"start":{"line":7,"column":33},"end":{"line":7,"column":42}},{"start":{"line":7,"column":45},"end":{"line":7,"column":49}}],"line":7},"1":{"loc":{"start":{"line":19,"column":8},"end":{"line":39,"column":9}},"type":"if","locations":[{"start":{"line":19,"column":8},"end":{"line":39,"column":9}},{"start":{"line":32,"column":13},"end":{"line":39,"column":9}}],"line":19}},"s":{"0":2,"1":2,"2":4,"3":4,"4":4,"5":3,"6":2,"7":1,"8":1,"9":1,"10":3,"11":1,"12":2},"f":{"0":4},"b":{"0":[3,1],"1":[2,1]},"_coverageSchema":"1a1c01bbd47fc00a2c39e90264f33305004495a9","hash":"01a4368254af1c3c864dd6d1cd1e00570896d595"}
,"D:\\SCRIPTS-local\\mongo-transaction-demo\\service\\order\\order.service.js": {"path":"D:\\SCRIPTS-local\\mongo-transaction-demo\\service\\order\\order.service.js","statementMap":{"0":{"start":{"line":1,"column":14},"end":{"line":1,"column":44}},"1":{"start":{"line":3,"column":20},"end":{"line":38,"column":1}},"2":{"start":{"line":4,"column":4},"end":{"line":36,"column":5}},"3":{"start":{"line":6,"column":24},"end":{"line":6,"column":49}},"4":{"start":{"line":7,"column":8},"end":{"line":31,"column":9}},"5":{"start":{"line":8,"column":12},"end":{"line":8,"column":70}},"6":{"start":{"line":9,"column":14},"end":{"line":31,"column":9}},"7":{"start":{"line":10,"column":12},"end":{"line":10,"column":67}},"8":{"start":{"line":13,"column":12},"end":{"line":30,"column":13}},"9":{"start":{"line":14,"column":16},"end":{"line":14,"column":64}},"10":{"start":{"line":15,"column":18},"end":{"line":30,"column":13}},"11":{"start":{"line":16,"column":16},"end":{"line":16,"column":70}},"12":{"start":{"line":20,"column":33},"end":{"line":27,"column":18}},"13":{"start":{"line":29,"column":16},"end":{"line":29,"column":32}},"14":{"start":{"line":34,"column":8},"end":{"line":34,"column":26}},"15":{"start":{"line":45,"column":0},"end":{"line":47,"column":1}}},"fnMap":{"0":{"name":"(anonymous_0)","decl":{"start":{"line":3,"column":20},"end":{"line":3,"column":21}},"loc":{"start":{"line":3,"column":52},"end":{"line":38,"column":1}},"line":3}},"branchMap":{"0":{"loc":{"start":{"line":6,"column":24},"end":{"line":6,"column":49}},"type":"cond-expr","locations":[{"start":{"line":6,"column":33},"end":{"line":6,"column":42}},{"start":{"line":6,"column":45},"end":{"line":6,"column":49}}],"line":6},"1":{"loc":{"start":{"line":7,"column":8},"end":{"line":31,"column":9}},"type":"if","locations":[{"start":{"line":7,"column":8},"end":{"line":31,"column":9}},{"start":{"line":9,"column":14},"end":{"line":31,"column":9}}],"line":7},"2":{"loc":{"start":{"line":9,"column":14},"end":{"line":31,"column":9}},"type":"if","locations":[{"start":{"line":9,"column":14},"end":{"line":31,"column":9}},{"start":{"line":11,"column":13},"end":{"line":31,"column":9}}],"line":9},"3":{"loc":{"start":{"line":13,"column":12},"end":{"line":30,"column":13}},"type":"if","locations":[{"start":{"line":13,"column":12},"end":{"line":30,"column":13}},{"start":{"line":15,"column":18},"end":{"line":30,"column":13}}],"line":13},"4":{"loc":{"start":{"line":15,"column":18},"end":{"line":30,"column":13}},"type":"if","locations":[{"start":{"line":15,"column":18},"end":{"line":30,"column":13}},{"start":{"line":17,"column":17},"end":{"line":30,"column":13}}],"line":15}},"s":{"0":2,"1":2,"2":7,"3":7,"4":7,"5":1,"6":6,"7":1,"8":5,"9":1,"10":4,"11":1,"12":3,"13":2,"14":5,"15":2},"f":{"0":7},"b":{"0":[0,7],"1":[1,6],"2":[1,5],"3":[1,4],"4":[1,3]},"_coverageSchema":"1a1c01bbd47fc00a2c39e90264f33305004495a9","hash":"e6c18183089c00609a7f64380ff42f926176b7c2"}
,"D:\\SCRIPTS-local\\mongo-transaction-demo\\service\\product\\product.service.js": {"path":"D:\\SCRIPTS-local\\mongo-transaction-demo\\service\\product\\product.service.js","statementMap":{"0":{"start":{"line":1,"column":16},"end":{"line":1,"column":47}},"1":{"start":{"line":4,"column":20},"end":{"line":15,"column":1}},"2":{"start":{"line":5,"column":20},"end":{"line":5,"column":45}},"3":{"start":{"line":8,"column":18},"end":{"line":12,"column":5}},"4":{"start":{"line":14,"column":4},"end":{"line":14,"column":19}},"5":{"start":{"line":19,"column":4},"end":{"line":30,"column":5}},"6":{"start":{"line":21,"column":24},"end":{"line":21,"column":49}},"7":{"start":{"line":23,"column":25},"end":{"line":26,"column":9}},"8":{"start":{"line":27,"column":8},"end":{"line":27,"column":24}},"9":{"start":{"line":29,"column":8},"end":{"line":29,"column":76}},"10":{"start":{"line":36,"column":0},"end":{"line":40,"column":1}}},"fnMap":{"0":{"name":"(anonymous_0)","decl":{"start":{"line":4,"column":20},"end":{"line":4,"column":21}},"loc":{"start":{"line":4,"column":49},"end":{"line":15,"column":1}},"line":4},"1":{"name":"insertProducts","decl":{"start":{"line":18,"column":15},"end":{"line":18,"column":29}},"loc":{"start":{"line":18,"column":52},"end":{"line":32,"column":1}},"line":18}},"branchMap":{"0":{"loc":{"start":{"line":5,"column":20},"end":{"line":5,"column":45}},"type":"cond-expr","locations":[{"start":{"line":5,"column":29},"end":{"line":5,"column":38}},{"start":{"line":5,"column":41},"end":{"line":5,"column":45}}],"line":5},"1":{"loc":{"start":{"line":21,"column":24},"end":{"line":21,"column":49}},"type":"cond-expr","locations":[{"start":{"line":21,"column":33},"end":{"line":21,"column":42}},{"start":{"line":21,"column":45},"end":{"line":21,"column":49}}],"line":21}},"s":{"0":2,"1":2,"2":3,"3":3,"4":3,"5":4,"6":4,"7":4,"8":2,"9":2,"10":2},"f":{"0":3,"1":4},"b":{"0":[0,3],"1":[0,4]},"_coverageSchema":"1a1c01bbd47fc00a2c39e90264f33305004495a9","hash":"e7ba30040b46c240fe71a3fc7c8b0aef8d3256c3"}
,"D:\\SCRIPTS-local\\mongo-transaction-demo\\service\\product\\stock.service.js": {"path":"D:\\SCRIPTS-local\\mongo-transaction-demo\\service\\product\\stock.service.js","statementMap":{"0":{"start":{"line":1,"column":16},"end":{"line":1,"column":47}},"1":{"start":{"line":3,"column":23},"end":{"line":19,"column":1}},"2":{"start":{"line":4,"column":4},"end":{"line":17,"column":5}},"3":{"start":{"line":5,"column":8},"end":{"line":5,"column":70}},"4":{"start":{"line":8,"column":8},"end":{"line":16,"column":9}},"5":{"start":{"line":9,"column":28},"end":{"line":9,"column":53}},"6":{"start":{"line":10,"column":12},"end":{"line":10,"column":28}},"7":{"start":{"line":11,"column":12},"end":{"line":11,"column":40}},"8":{"start":{"line":15,"column":12},"end":{"line":15,"column":64}},"9":{"start":{"line":18,"column":4},"end":{"line":18,"column":19}},"10":{"start":{"line":21,"column":24},"end":{"line":30,"column":1}},"11":{"start":{"line":22,"column":20},"end":{"line":22,"column":45}},"12":{"start":{"line":24,"column":21},"end":{"line":28,"column":5}},"13":{"start":{"line":29,"column":4},"end":{"line":29,"column":72}},"14":{"start":{"line":32,"column":0},"end":{"line":35,"column":1}}},"fnMap":{"0":{"name":"(anonymous_0)","decl":{"start":{"line":3,"column":23},"end":{"line":3,"column":24}},"loc":{"start":{"line":3,"column":50},"end":{"line":19,"column":1}},"line":3},"1":{"name":"(anonymous_1)","decl":{"start":{"line":21,"column":24},"end":{"line":21,"column":25}},"loc":{"start":{"line":21,"column":52},"end":{"line":30,"column":1}},"line":21}},"branchMap":{"0":{"loc":{"start":{"line":4,"column":4},"end":{"line":17,"column":5}},"type":"if","locations":[{"start":{"line":4,"column":4},"end":{"line":17,"column":5}},{"start":{"line":6,"column":9},"end":{"line":17,"column":5}}],"line":4},"1":{"loc":{"start":{"line":8,"column":8},"end":{"line":16,"column":9}},"type":"if","locations":[{"start":{"line":8,"column":8},"end":{"line":16,"column":9}},{"start":{"line":13,"column":13},"end":{"line":16,"column":9}}],"line":8},"2":{"loc":{"start":{"line":9,"column":28},"end":{"line":9,"column":53}},"type":"cond-expr","locations":[{"start":{"line":9,"column":37},"end":{"line":9,"column":46}},{"start":{"line":9,"column":49},"end":{"line":9,"column":53}}],"line":9},"3":{"loc":{"start":{"line":22,"column":20},"end":{"line":22,"column":45}},"type":"cond-expr","locations":[{"start":{"line":22,"column":29},"end":{"line":22,"column":38}},{"start":{"line":22,"column":41},"end":{"line":22,"column":45}}],"line":22}},"s":{"0":2,"1":2,"2":7,"3":1,"4":6,"5":3,"6":3,"7":3,"8":3,"9":3,"10":2,"11":2,"12":2,"13":2,"14":2},"f":{"0":7,"1":2},"b":{"0":[1,6],"1":[3,3],"2":[1,2],"3":[1,1]},"_coverageSchema":"1a1c01bbd47fc00a2c39e90264f33305004495a9","hash":"b237fc540efd5e6b9e7d5be0c1dd4a33bc77bbd0"}
,"D:\\SCRIPTS-local\\mongo-transaction-demo\\service\\user\\balance.service.js": {"path":"D:\\SCRIPTS-local\\mongo-transaction-demo\\service\\user\\balance.service.js","statementMap":{"0":{"start":{"line":1,"column":26},"end":{"line":22,"column":1}},"1":{"start":{"line":2,"column":3},"end":{"line":21,"column":4}},"2":{"start":{"line":3,"column":24},"end":{"line":3,"column":49}},"3":{"start":{"line":5,"column":8},"end":{"line":10,"column":9}},"4":{"start":{"line":6,"column":12},"end":{"line":6,"column":80}},"5":{"start":{"line":7,"column":14},"end":{"line":10,"column":9}},"6":{"start":{"line":8,"column":12},"end":{"line":8,"column":83}},"7":{"start":{"line":11,"column":8},"end":{"line":11,"column":46}},"8":{"start":{"line":12,"column":8},"end":{"line":12,"column":36}},"9":{"start":{"line":13,"column":8},"end":{"line":13,"column":116}},"10":{"start":{"line":20,"column":8},"end":{"line":20,"column":18}},"11":{"start":{"line":25,"column":0},"end":{"line":27,"column":1}}},"fnMap":{"0":{"name":"(anonymous_0)","decl":{"start":{"line":1,"column":26},"end":{"line":1,"column":27}},"loc":{"start":{"line":1,"column":61},"end":{"line":22,"column":1}},"line":1}},"branchMap":{"0":{"loc":{"start":{"line":3,"column":24},"end":{"line":3,"column":49}},"type":"cond-expr","locations":[{"start":{"line":3,"column":33},"end":{"line":3,"column":42}},{"start":{"line":3,"column":45},"end":{"line":3,"column":49}}],"line":3},"1":{"loc":{"start":{"line":5,"column":8},"end":{"line":10,"column":9}},"type":"if","locations":[{"start":{"line":5,"column":8},"end":{"line":10,"column":9}},{"start":{"line":7,"column":14},"end":{"line":10,"column":9}}],"line":5},"2":{"loc":{"start":{"line":7,"column":14},"end":{"line":10,"column":9}},"type":"if","locations":[{"start":{"line":7,"column":14},"end":{"line":10,"column":9}},{"start":{},"end":{}}],"line":7}},"s":{"0":2,"1":5,"2":5,"3":5,"4":1,"5":4,"6":1,"7":3,"8":3,"9":2,"10":3,"11":2},"f":{"0":5},"b":{"0":[4,1],"1":[1,4],"2":[1,3]},"_coverageSchema":"1a1c01bbd47fc00a2c39e90264f33305004495a9","hash":"36e3380619b126f84bc85049c8daef66ca1f1b33"}
,"D:\\SCRIPTS-local\\mongo-transaction-demo\\service\\user\\user.service.js": {"path":"D:\\SCRIPTS-local\\mongo-transaction-demo\\service\\user\\user.service.js","statementMap":{"0":{"start":{"line":1,"column":13},"end":{"line":1,"column":41}},"1":{"start":{"line":4,"column":25},"end":{"line":43,"column":1}},"2":{"start":{"line":5,"column":4},"end":{"line":42,"column":5}},"3":{"start":{"line":6,"column":24},"end":{"line":6,"column":49}},"4":{"start":{"line":7,"column":23},"end":{"line":9,"column":9}},"5":{"start":{"line":10,"column":19},"end":{"line":17,"column":13}},"6":{"start":{"line":20,"column":8},"end":{"line":35,"column":9}},"7":{"start":{"line":21,"column":12},"end":{"line":29,"column":14}},"8":{"start":{"line":30,"column":12},"end":{"line":30,"column":56}},"9":{"start":{"line":33,"column":12},"end":{"line":33,"column":54}},"10":{"start":{"line":34,"column":12},"end":{"line":34,"column":26}},"11":{"start":{"line":36,"column":8},"end":{"line":36,"column":21}},"12":{"start":{"line":39,"column":8},"end":{"line":39,"column":45}},"13":{"start":{"line":41,"column":8},"end":{"line":41,"column":18}},"14":{"start":{"line":57,"column":0},"end":{"line":59,"column":1}}},"fnMap":{"0":{"name":"(anonymous_0)","decl":{"start":{"line":4,"column":25},"end":{"line":4,"column":26}},"loc":{"start":{"line":4,"column":62},"end":{"line":43,"column":1}},"line":4}},"branchMap":{"0":{"loc":{"start":{"line":6,"column":24},"end":{"line":6,"column":49}},"type":"cond-expr","locations":[{"start":{"line":6,"column":33},"end":{"line":6,"column":42}},{"start":{"line":6,"column":45},"end":{"line":6,"column":49}}],"line":6},"1":{"loc":{"start":{"line":20,"column":8},"end":{"line":35,"column":9}},"type":"if","locations":[{"start":{"line":20,"column":8},"end":{"line":35,"column":9}},{"start":{"line":32,"column":13},"end":{"line":35,"column":9}}],"line":20}},"s":{"0":2,"1":2,"2":7,"3":7,"4":7,"5":7,"6":6,"7":5,"8":4,"9":1,"10":1,"11":5,"12":2,"13":2,"14":2},"f":{"0":7},"b":{"0":[6,1],"1":[5,1]},"_coverageSchema":"1a1c01bbd47fc00a2c39e90264f33305004495a9","hash":"4a672a2b0d0d91e291ed402eec6e67e7e571bfd8"}
}
