TN:
SF:controllers\transaction.controllers.js
FN:18,(anonymous_0)
FN:40,(anonymous_1)
FNF:2
FNH:2
FNDA:3,(anonymous_0)
FNDA:2,(anonymous_1)
DA:1,2
DA:4,2
DA:5,2
DA:8,2
DA:9,2
DA:12,2
DA:13,2
DA:15,2
DA:18,2
DA:20,3
DA:34,3
DA:40,2
DA:42,2
DA:43,2
DA:44,2
DA:46,2
DA:50,2
DA:54,2
DA:62,2
DA:65,2
DA:68,2
LF:21
LH:21
BRDA:18,0,0,0
BRF:1
BRH:0
end_of_record
TN:
SF:models\Invoice.js
FNF:0
FNH:0
DA:1,1
DA:3,1
DA:16,1
DA:19,1
LF:4
LH:4
BRF:0
BRH:0
end_of_record
TN:
SF:models\Order.js
FNF:0
FNH:0
DA:1,1
DA:3,1
DA:12,1
DA:14,1
LF:4
LH:4
BRF:0
BRH:0
end_of_record
TN:
SF:models\Product.js
FNF:0
FNH:0
DA:1,2
DA:2,2
DA:8,2
DA:10,2
LF:4
LH:4
BRF:0
BRH:0
end_of_record
TN:
SF:models\User.js
FNF:0
FNH:0
DA:1,1
DA:3,1
DA:9,1
DA:11,1
LF:4
LH:4
BRF:0
BRH:0
end_of_record
TN:
SF:service\invoice\invoice.service.js
FN:3,(anonymous_0)
FNF:1
FNH:1
FNDA:4,(anonymous_0)
DA:1,2
DA:3,2
DA:4,4
DA:7,4
DA:9,4
DA:19,3
DA:21,2
DA:35,1
DA:36,1
DA:38,1
DA:40,3
DA:44,1
DA:49,2
LF:13
LH:13
BRDA:7,0,0,3
BRDA:7,0,1,1
BRDA:19,1,0,2
BRDA:19,1,1,1
BRF:4
BRH:4
end_of_record
TN:
SF:service\order\order.service.js
FN:3,(anonymous_0)
FNF:1
FNH:1
FNDA:7,(anonymous_0)
DA:1,2
DA:3,2
DA:4,7
DA:6,7
DA:7,7
DA:8,1
DA:9,6
DA:10,1
DA:13,5
DA:14,1
DA:15,4
DA:16,1
DA:20,3
DA:29,2
DA:34,5
DA:45,2
LF:16
LH:16
BRDA:6,0,0,0
BRDA:6,0,1,7
BRDA:7,1,0,1
BRDA:7,1,1,6
BRDA:9,2,0,1
BRDA:9,2,1,5
BRDA:13,3,0,1
BRDA:13,3,1,4
BRDA:15,4,0,1
BRDA:15,4,1,3
BRF:10
BRH:9
end_of_record
TN:
SF:service\product\product.service.js
FN:4,(anonymous_0)
FN:18,insertProducts
FNF:2
FNH:2
FNDA:3,(anonymous_0)
FNDA:4,insertProducts
DA:1,2
DA:4,2
DA:5,3
DA:8,3
DA:14,3
DA:19,4
DA:21,4
DA:23,4
DA:27,2
DA:29,2
DA:36,2
LF:11
LH:11
BRDA:5,0,0,0
BRDA:5,0,1,3
BRDA:21,1,0,0
BRDA:21,1,1,4
BRF:4
BRH:2
end_of_record
TN:
SF:service\product\stock.service.js
FN:3,(anonymous_0)
FN:21,(anonymous_1)
FNF:2
FNH:2
FNDA:7,(anonymous_0)
FNDA:2,(anonymous_1)
DA:1,2
DA:3,2
DA:4,7
DA:5,1
DA:8,6
DA:9,3
DA:10,3
DA:11,3
DA:15,3
DA:18,3
DA:21,2
DA:22,2
DA:24,2
DA:29,2
DA:32,2
LF:15
LH:15
BRDA:4,0,0,1
BRDA:4,0,1,6
BRDA:8,1,0,3
BRDA:8,1,1,3
BRDA:9,2,0,1
BRDA:9,2,1,2
BRDA:22,3,0,1
BRDA:22,3,1,1
BRF:8
BRH:8
end_of_record
TN:
SF:service\user\balance.service.js
FN:1,(anonymous_0)
FNF:1
FNH:1
FNDA:5,(anonymous_0)
DA:1,2
DA:2,5
DA:3,5
DA:5,5
DA:6,1
DA:7,4
DA:8,1
DA:11,3
DA:12,3
DA:13,2
DA:20,3
DA:25,2
LF:12
LH:12
BRDA:3,0,0,4
BRDA:3,0,1,1
BRDA:5,1,0,1
BRDA:5,1,1,4
BRDA:7,2,0,1
BRDA:7,2,1,3
BRF:6
BRH:6
end_of_record
TN:
SF:service\user\user.service.js
FN:4,(anonymous_0)
FNF:1
FNH:1
FNDA:7,(anonymous_0)
DA:1,2
DA:4,2
DA:5,7
DA:6,7
DA:7,7
DA:10,7
DA:20,6
DA:21,5
DA:30,4
DA:33,1
DA:34,1
DA:36,5
DA:39,2
DA:41,2
DA:57,2
LF:15
LH:15
BRDA:6,0,0,6
BRDA:6,0,1,1
BRDA:20,1,0,5
BRDA:20,1,1,1
BRF:4
BRH:4
end_of_record
